[18/Jun/2022:02:33:08] (I): WordPress Instance Info:
[18/Jun/2022:02:33:08] (I): Home URL : http://localhost:8888/redtransportation
[18/Jun/2022:02:33:08] (I): Site URL : http://localhost:8888/redtransportation
[18/Jun/2022:02:33:08] (I): WordPress Version : 6.0
[18/Jun/2022:02:33:08] (I): Onboarding Version : 1.1.22
[18/Jun/2022:02:33:08] (I): Multisite : No
[18/Jun/2022:02:33:08] (I): Server Info : Apache/2.2.34 (Unix) mod_wsgi/3.5 Python/2.7.13 PHP/7.4.2 mod_ssl/2.2.34 OpenSSL/1.0.2o DAV/2 mod_fastcgi/mod_fastcgi-SNAP-0910052141 mod_perl/2.0.11 Perl/v5.24.0
[18/Jun/2022:02:33:08] (I): PHP Version : 7.4.2
[18/Jun/2022:02:33:08] (I): HTTPS : No
[18/Jun/2022:02:33:08] (I): PHP Max Execution Time : 30
[18/Jun/2022:02:33:08] (I): PHP Max Input Vars : 1000
[18/Jun/2022:02:33:08] (I): Max Upload Size : 8388608
[18/Jun/2022:02:33:08] (I): Plugins:
[18/Jun/2022:02:33:08] (I): [PLUGIN] Templates Patterns Collection : v1.1.22 (ThemeIsle)
[18/Jun/2022:02:33:08] (I): [PLUGIN] WPForms Lite : v1.7.4.2 (WPForms)
[18/Jun/2022:02:33:08] (P): Saving remote XML
[18/Jun/2022:02:33:09] (S): Saved remote XML at path /Users/derrekawalkup/Sites/redtransportation/wp-content/uploads/themeisle-demo-import.xml.
[18/Jun/2022:02:33:09] (P): Starting content import...
[18/Jun/2022:02:33:09] (S): Import started.
[18/Jun/2022:02:33:09] (S): Parsing XML file.
[18/Jun/2022:02:33:09] (P): Starting parsing file:/Users/derrekawalkup/Sites/redtransportation/wp-content/uploads/themeisle-demo-import.xml
[18/Jun/2022:02:33:09] (P): Using WXR_Parser_SimpleXML...
[18/Jun/2022:02:33:09] (S): Parsed XML
[18/Jun/2022:02:33:09] (P): Processing categories...
[18/Jun/2022:02:33:09] (S): Processed categories.
[18/Jun/2022:02:33:09] (P): Processing tags...
[18/Jun/2022:02:33:09] (S): No tags to process.
[18/Jun/2022:02:33:09] (P): Processing terms...
[18/Jun/2022:02:33:09] (W): Failed to import tcb_symbols_tax Footers
[18/Jun/2022:02:33:09] (E): Invalid taxonomy.
[18/Jun/2022:02:33:09] (W): Failed to import tcb_symbols_tax Headers
[18/Jun/2022:02:33:09] (E): Invalid taxonomy.
[18/Jun/2022:02:33:09] (S): Processed terms.
[18/Jun/2022:02:33:09] (P): Processing posts...
[18/Jun/2022:02:33:09] (P): Processing attachment: https://s33834.pcdn.co/web-agency-gb/wp-content/uploads/sites/422/2020/01/neve-webdesign-GB-01.png...
[18/Jun/2022:02:33:09] (P): Fetching attachment from url: https://s33834.pcdn.co/web-agency-gb/wp-content/uploads/sites/422/2020/01/neve-webdesign-GB-01.png...
[18/Jun/2022:02:33:09] (S): Fetched remote attachment.
[18/Jun/2022:02:33:09] (P): Inserting attachment...
[18/Jun/2022:02:33:09] (S): Attachment inserted
[18/Jun/2022:02:33:09] (S): Processed attachment.
[18/Jun/2022:02:33:09] (P): Processing attachment: https://s33834.pcdn.co/web-agency-gb/wp-content/uploads/sites/422/2020/01/neve-webdesign-GB-03.png...
[18/Jun/2022:02:33:09] (P): Fetching attachment from url: https://s33834.pcdn.co/web-agency-gb/wp-content/uploads/sites/422/2020/01/neve-webdesign-GB-03.png...
[18/Jun/2022:02:33:09] (S): Fetched remote attachment.
[18/Jun/2022:02:33:09] (P): Inserting attachment...
[18/Jun/2022:02:33:09] (S): Attachment inserted
[18/Jun/2022:02:33:09] (S): Processed attachment.
[18/Jun/2022:02:33:09] (P): Processing attachment: https://s33834.pcdn.co/web-agency-gb/wp-content/uploads/sites/422/2020/01/neve-webdesign-GB-04.png...
[18/Jun/2022:02:33:09] (P): Fetching attachment from url: https://s33834.pcdn.co/web-agency-gb/wp-content/uploads/sites/422/2020/01/neve-webdesign-GB-04.png...
[18/Jun/2022:02:33:10] (S): Fetched remote attachment.
[18/Jun/2022:02:33:10] (P): Inserting attachment...
[18/Jun/2022:02:33:10] (S): Attachment inserted
[18/Jun/2022:02:33:10] (S): Processed attachment.
[18/Jun/2022:02:33:10] (P): Processing attachment: https://s33834.pcdn.co/web-agency-gb/wp-content/uploads/sites/422/2020/01/neve-web-design-bg-08.jpg...
[18/Jun/2022:02:33:10] (P): Fetching attachment from url: https://s33834.pcdn.co/web-agency-gb/wp-content/uploads/sites/422/2020/01/neve-web-design-bg-08.jpg...
[18/Jun/2022:02:33:10] (S): Fetched remote attachment.
[18/Jun/2022:02:33:10] (P): Inserting attachment...
[18/Jun/2022:02:33:10] (S): Attachment inserted
[18/Jun/2022:02:33:10] (S): Processed attachment.
[18/Jun/2022:02:33:10] (P): Processing attachment: https://s33834.pcdn.co/web-agency-gb/wp-content/uploads/sites/422/2020/01/neve-web-design-bg-09.jpg...
[18/Jun/2022:02:33:10] (P): Fetching attachment from url: https://s33834.pcdn.co/web-agency-gb/wp-content/uploads/sites/422/2020/01/neve-web-design-bg-09.jpg...
[18/Jun/2022:02:33:11] (S): Fetched remote attachment.
[18/Jun/2022:02:33:11] (P): Inserting attachment...
[18/Jun/2022:02:33:11] (S): Attachment inserted
[18/Jun/2022:02:33:11] (S): Processed attachment.
[18/Jun/2022:02:33:11] (P): Processing attachment: https://s33834.pcdn.co/web-agency-gb/wp-content/uploads/sites/422/2020/01/neve-web-design-bg-10.jpg...
[18/Jun/2022:02:33:11] (P): Fetching attachment from url: https://s33834.pcdn.co/web-agency-gb/wp-content/uploads/sites/422/2020/01/neve-web-design-bg-10.jpg...
[18/Jun/2022:02:33:11] (S): Fetched remote attachment.
[18/Jun/2022:02:33:11] (P): Inserting attachment...
[18/Jun/2022:02:33:11] (S): Attachment inserted
[18/Jun/2022:02:33:11] (S): Processed attachment.
[18/Jun/2022:02:33:11] (P): Processing attachment: https://s33834.pcdn.co/web-agency-gb/wp-content/uploads/sites/422/2020/01/neve-web-design-bg-11.jpg...
[18/Jun/2022:02:33:11] (P): Fetching attachment from url: https://s33834.pcdn.co/web-agency-gb/wp-content/uploads/sites/422/2020/01/neve-web-design-bg-11.jpg...
[18/Jun/2022:02:33:11] (S): Fetched remote attachment.
[18/Jun/2022:02:33:11] (P): Inserting attachment...
[18/Jun/2022:02:33:11] (S): Attachment inserted
[18/Jun/2022:02:33:11] (S): Processed attachment.
[18/Jun/2022:02:33:11] (P): Processing attachment: https://s33834.pcdn.co/web-agency-gb/wp-content/uploads/sites/422/2020/01/neve-web-design-bg-12.jpg...
[18/Jun/2022:02:33:11] (P): Fetching attachment from url: https://s33834.pcdn.co/web-agency-gb/wp-content/uploads/sites/422/2020/01/neve-web-design-bg-12.jpg...
[18/Jun/2022:02:33:12] (S): Fetched remote attachment.
[18/Jun/2022:02:33:12] (P): Inserting attachment...
[18/Jun/2022:02:33:12] (S): Attachment inserted
[18/Jun/2022:02:33:12] (S): Processed attachment.
[18/Jun/2022:02:33:12] (P): Processing attachment: https://s33834.pcdn.co/web-agency-gb/wp-content/uploads/sites/422/2020/01/neve-web-design-bg-13.jpg...
[18/Jun/2022:02:33:12] (P): Fetching attachment from url: https://s33834.pcdn.co/web-agency-gb/wp-content/uploads/sites/422/2020/01/neve-web-design-bg-13.jpg...
[18/Jun/2022:02:33:12] (S): Fetched remote attachment.
[18/Jun/2022:02:33:12] (P): Inserting attachment...
[18/Jun/2022:02:33:12] (S): Attachment inserted
[18/Jun/2022:02:33:12] (S): Processed attachment.
[18/Jun/2022:02:33:12] (P): Processing attachment: https://s33834.pcdn.co/web-agency-gb/wp-content/uploads/sites/422/2020/01/neve-web-design-bg-14.jpg...
[18/Jun/2022:02:33:12] (P): Fetching attachment from url: https://s33834.pcdn.co/web-agency-gb/wp-content/uploads/sites/422/2020/01/neve-web-design-bg-14.jpg...
[18/Jun/2022:02:33:12] (S): Fetched remote attachment.
[18/Jun/2022:02:33:12] (P): Inserting attachment...
[18/Jun/2022:02:33:12] (S): Attachment inserted
[18/Jun/2022:02:33:12] (S): Processed attachment.
[18/Jun/2022:02:33:12] (P): Processing attachment: https://s33834.pcdn.co/web-agency-gb/wp-content/uploads/sites/422/2020/01/neve-web-design-bg-15.jpg...
[18/Jun/2022:02:33:12] (P): Fetching attachment from url: https://s33834.pcdn.co/web-agency-gb/wp-content/uploads/sites/422/2020/01/neve-web-design-bg-15.jpg...
[18/Jun/2022:02:33:13] (S): Fetched remote attachment.
[18/Jun/2022:02:33:13] (P): Inserting attachment...
[18/Jun/2022:02:33:13] (S): Attachment inserted
[18/Jun/2022:02:33:13] (S): Processed attachment.
[18/Jun/2022:02:33:13] (P): Processing attachment: https://s33834.pcdn.co/web-agency-gb/wp-content/uploads/sites/422/2020/06/cropped-web-agency-icon.png...
[18/Jun/2022:02:33:13] (P): Fetching attachment from url: https://s33834.pcdn.co/web-agency-gb/wp-content/uploads/sites/422/2020/06/cropped-web-agency-icon.png...
[18/Jun/2022:02:33:13] (S): Fetched remote attachment.
[18/Jun/2022:02:33:13] (P): Inserting attachment...
[18/Jun/2022:02:33:13] (S): Attachment inserted
[18/Jun/2022:02:33:13] (S): Processed attachment.
[18/Jun/2022:02:33:13] (P): Processing attachment: https://s33834.pcdn.co/web-agency-gb/wp-content/uploads/sites/422/2020/07/web-design-studio-01.jpg.jpg...
[18/Jun/2022:02:33:13] (P): Fetching attachment from url: https://s33834.pcdn.co/web-agency-gb/wp-content/uploads/sites/422/2020/07/web-design-studio-01.jpg.jpg...
[18/Jun/2022:02:33:14] (S): Fetched remote attachment.
[18/Jun/2022:02:33:14] (P): Inserting attachment...
[18/Jun/2022:02:33:14] (S): Attachment inserted
[18/Jun/2022:02:33:14] (S): Processed attachment.
[18/Jun/2022:02:33:14] (P): Processing attachment: https://s33834.pcdn.co/web-agency-gb/wp-content/uploads/sites/422/2020/12/web-agency-logo-3.png...
[18/Jun/2022:02:33:14] (P): Fetching attachment from url: https://s33834.pcdn.co/web-agency-gb/wp-content/uploads/sites/422/2020/12/web-agency-logo-3.png...
[18/Jun/2022:02:33:14] (S): Fetched remote attachment.
[18/Jun/2022:02:33:14] (P): Inserting attachment...
[18/Jun/2022:02:33:14] (S): Attachment inserted
[18/Jun/2022:02:33:14] (S): Processed attachment.
[18/Jun/2022:02:33:14] (P): Processing attachment: https://s33834.pcdn.co/web-agency-gb/wp-content/uploads/sites/422/2020/12/neve-web-design-studio-02.1.jpg...
[18/Jun/2022:02:33:14] (P): Fetching attachment from url: https://s33834.pcdn.co/web-agency-gb/wp-content/uploads/sites/422/2020/12/neve-web-design-studio-02.1.jpg...
[18/Jun/2022:02:33:14] (S): Fetched remote attachment.
[18/Jun/2022:02:33:14] (P): Inserting attachment...
[18/Jun/2022:02:33:14] (S): Attachment inserted
[18/Jun/2022:02:33:14] (S): Processed attachment.
[18/Jun/2022:02:33:14] (P): Processing attachment: https://s33834.pcdn.co/web-agency-gb/wp-content/uploads/sites/422/2020/12/neve-web-design-studio-03.1.jpg...
[18/Jun/2022:02:33:14] (P): Fetching attachment from url: https://s33834.pcdn.co/web-agency-gb/wp-content/uploads/sites/422/2020/12/neve-web-design-studio-03.1.jpg...
[18/Jun/2022:02:33:14] (S): Fetched remote attachment.
[18/Jun/2022:02:33:14] (P): Inserting attachment...
[18/Jun/2022:02:33:14] (S): Attachment inserted
[18/Jun/2022:02:33:14] (S): Processed attachment.
[18/Jun/2022:02:33:14] (P): Processing attachment: https://s33834.pcdn.co/web-agency-gb/wp-content/uploads/sites/422/2020/12/neve-web-design-studio-04.1.jpg...
[18/Jun/2022:02:33:14] (P): Fetching attachment from url: https://s33834.pcdn.co/web-agency-gb/wp-content/uploads/sites/422/2020/12/neve-web-design-studio-04.1.jpg...
[18/Jun/2022:02:33:15] (S): Fetched remote attachment.
[18/Jun/2022:02:33:15] (P): Inserting attachment...
[18/Jun/2022:02:33:15] (S): Attachment inserted
[18/Jun/2022:02:33:15] (S): Processed attachment.
[18/Jun/2022:02:33:15] (P): Processing attachment: https://s33834.pcdn.co/web-agency-gb/wp-content/uploads/sites/422/2020/12/neve-web-design-studio-07.1.png...
[18/Jun/2022:02:33:15] (P): Fetching attachment from url: https://s33834.pcdn.co/web-agency-gb/wp-content/uploads/sites/422/2020/12/neve-web-design-studio-07.1.png...
[18/Jun/2022:02:33:15] (S): Fetched remote attachment.
[18/Jun/2022:02:33:15] (P): Inserting attachment...
[18/Jun/2022:02:33:15] (S): Attachment inserted
[18/Jun/2022:02:33:15] (S): Processed attachment.
[18/Jun/2022:02:33:15] (P): Processing attachment: https://s33834.pcdn.co/web-agency-gb/wp-content/uploads/sites/422/2021/06/phone-sm.png...
[18/Jun/2022:02:33:15] (P): Fetching attachment from url: https://s33834.pcdn.co/web-agency-gb/wp-content/uploads/sites/422/2021/06/phone-sm.png...
[18/Jun/2022:02:33:16] (S): Fetched remote attachment.
[18/Jun/2022:02:33:16] (P): Inserting attachment...
[18/Jun/2022:02:33:16] (S): Attachment inserted
[18/Jun/2022:02:33:16] (S): Processed attachment.
[18/Jun/2022:02:33:16] (P): Processing attachment: https://s33834.pcdn.co/web-agency-gb/wp-content/uploads/sites/422/2021/06/location-sm.png...
[18/Jun/2022:02:33:16] (P): Fetching attachment from url: https://s33834.pcdn.co/web-agency-gb/wp-content/uploads/sites/422/2021/06/location-sm.png...
[18/Jun/2022:02:33:16] (S): Fetched remote attachment.
[18/Jun/2022:02:33:16] (P): Inserting attachment...
[18/Jun/2022:02:33:16] (S): Attachment inserted
[18/Jun/2022:02:33:16] (S): Processed attachment.
[18/Jun/2022:02:33:16] (P): Inserting post: 5 UX Principles for Creating a Great Website .
[18/Jun/2022:02:33:16] (S): Done inserting post: 5 UX Principles for Creating a Great Website .
[18/Jun/2022:02:33:16] (P): Inserting page: News .
[18/Jun/2022:02:33:16] (S): Done inserting page: News .
[18/Jun/2022:02:33:16] (P): Inserting page: Home .
[18/Jun/2022:02:33:16] (S): Done inserting page: Home .
[18/Jun/2022:02:33:16] (P): Processing single menu item ' '...
[18/Jun/2022:02:33:16] (S): Processed single menu item.
[18/Jun/2022:02:33:16] (P): Processing single menu item ' '...
[18/Jun/2022:02:33:16] (S): Processed single menu item.
[18/Jun/2022:02:33:16] (P): Inserting post: Web Design Trends for 2022 .
[18/Jun/2022:02:33:16] (S): Done inserting post: Web Design Trends for 2022 .
[18/Jun/2022:02:33:16] (P): Inserting post: A Simple Guide to Design Thinking .
[18/Jun/2022:02:33:16] (S): Done inserting post: A Simple Guide to Design Thinking .
[18/Jun/2022:02:33:16] (P): Inserting page: About Us .
[18/Jun/2022:02:33:16] (S): Done inserting page: About Us .
[18/Jun/2022:02:33:16] (P): Processing single menu item ' '...
[18/Jun/2022:02:33:16] (S): Processed single menu item.
[18/Jun/2022:02:33:16] (P): Inserting page: Portfolio .
[18/Jun/2022:02:33:16] (S): Done inserting page: Portfolio .
[18/Jun/2022:02:33:17] (P): Inserting page: Portfolio Single .
[18/Jun/2022:02:33:17] (S): Done inserting page: Portfolio Single .
[18/Jun/2022:02:33:17] (P): Processing single menu item ' '...
[18/Jun/2022:02:33:17] (S): Processed single menu item.
[18/Jun/2022:02:33:17] (P): Processing single menu item ' '...
[18/Jun/2022:02:33:17] (S): Processed single menu item.
[18/Jun/2022:02:33:17] (P): Inserting page: Contact Us .
[18/Jun/2022:02:33:17] (S): Done inserting page: Contact Us .
[18/Jun/2022:02:33:17] (P): Processing single menu item ' '...
[18/Jun/2022:02:33:17] (S): Processed single menu item.
[18/Jun/2022:02:33:17] (P): Inserting custom_css: neve .
[18/Jun/2022:02:33:17] (S): Done inserting custom_css: neve .
[18/Jun/2022:02:33:17] (P): Processing attachment: https://s33834.pcdn.co/web-agency-gb/wp-content/uploads/sites/422/2021/06/email-sm.png...
[18/Jun/2022:02:33:17] (P): Fetching attachment from url: https://s33834.pcdn.co/web-agency-gb/wp-content/uploads/sites/422/2021/06/email-sm.png...
[18/Jun/2022:02:33:17] (S): Fetched remote attachment.
[18/Jun/2022:02:33:17] (P): Inserting attachment...
[18/Jun/2022:02:33:17] (S): Attachment inserted
[18/Jun/2022:02:33:17] (S): Processed attachment.
[18/Jun/2022:02:33:17] (P): Inserting post: Best Calligraphy Fonts for Logos .
[18/Jun/2022:02:33:17] (S): Done inserting post: Best Calligraphy Fonts for Logos .
[18/Jun/2022:02:33:17] (P): Inserting post: Knowing Your User. The importance of User Research. .
[18/Jun/2022:02:33:17] (S): Done inserting post: Knowing Your User. The importance of User Research. .
[18/Jun/2022:02:33:17] (P): Inserting post: What is the Progressive Web App (PWA) and how it works? .
[18/Jun/2022:02:33:17] (S): Done inserting post: What is the Progressive Web App (PWA) and how it works? .
[18/Jun/2022:02:33:17] (P): Inserting wp_block: 3 column section .
[18/Jun/2022:02:33:17] (S): Done inserting wp_block: 3 column section .
[18/Jun/2022:02:33:17] (P): Inserting wp_block: Team Social Icons .
[18/Jun/2022:02:33:17] (S): Done inserting wp_block: Team Social Icons .
[18/Jun/2022:02:33:17] (S): Processed posts.
[18/Jun/2022:02:33:17] (P): Cleaning up import with id ...
[18/Jun/2022:02:33:17] (P): Done cleanup. Flushing cache...
[18/Jun/2022:02:33:17] (P): Flushed cache. Removing temporary data..
[18/Jun/2022:02:33:17] (S): Done importing
[18/Jun/2022:02:33:17] (P): Busting elementor cache
[18/Jun/2022:02:33:17] (S): Front page set up with id: 5.
